
*** Running vivado
    with args -log control_unit.vds -m64 -product Vivado -mode batch -messageDb vivado.pb -notrace -source control_unit.tcl


ECHO is off.
ECHO is off.

****** Vivado v2023.2 (64-bit)
  **** SW Build 4029153 on Fri Oct 13 20:14:34 MDT 2023
  **** IP Build 4028589 on Sat Oct 14 00:45:43 MDT 2023
  **** SharedData Build 4025554 on Tue Oct 10 17:18:54 MDT 2023
    ** Copyright 1986-2022 Xilinx, Inc. All Rights Reserved.
    ** Copyright 2022-2023 Advanced Micro Devices, Inc. All Rights Reserved.

source control_unit.tcl -notrace
create_project: Time (s): cpu = 00:00:08 ; elapsed = 00:00:16 . Memory (MB): peak = 455.445 ; gain = 181.973
Command: read_checkpoint -auto_incremental -incremental C:/Users/Dell/Desktop/Processor_AI/project_2/project_2.srcs/utils_1/imports/synth_1/alu.dcp
INFO: [Vivado 12-5825] Read reference checkpoint from C:/Users/Dell/Desktop/Processor_AI/project_2/project_2.srcs/utils_1/imports/synth_1/alu.dcp for incremental synthesis
INFO: [Vivado 12-7989] Please ensure there are no constraint changes
Command: synth_design -top control_unit -part xc7z020clg400-1
Starting synth_design
Attempting to get a license for feature 'Synthesis' and/or device 'xc7z020'
INFO: [Common 17-349] Got license for feature 'Synthesis' and/or device 'xc7z020'
INFO: [Synth 8-7079] Multithreading enabled for synth_design using a maximum of 2 processes.
INFO: [Synth 8-7078] Launching helper process for spawning children vivado processes
INFO: [Synth 8-7075] Helper process launched with PID 21436
---------------------------------------------------------------------------------
Starting Synthesize : Time (s): cpu = 00:00:06 ; elapsed = 00:00:13 . Memory (MB): peak = 913.434 ; gain = 440.332
---------------------------------------------------------------------------------
INFO: [Synth 8-6157] synthesizing module 'control_unit' [C:/Users/Dell/Desktop/Processor_AI/project_2/project_2.srcs/sources_1/new/control_unit.sv:1]
INFO: [Synth 8-155] case statement is not full and has no default [C:/Users/Dell/Desktop/Processor_AI/project_2/project_2.srcs/sources_1/new/control_unit.sv:27]
INFO: [Synth 8-155] case statement is not full and has no default [C:/Users/Dell/Desktop/Processor_AI/project_2/project_2.srcs/sources_1/new/control_unit.sv:38]
INFO: [Synth 8-155] case statement is not full and has no default [C:/Users/Dell/Desktop/Processor_AI/project_2/project_2.srcs/sources_1/new/control_unit.sv:24]
INFO: [Synth 8-6155] done synthesizing module 'control_unit' (0#1) [C:/Users/Dell/Desktop/Processor_AI/project_2/project_2.srcs/sources_1/new/control_unit.sv:1]
WARNING: [Synth 8-3917] design control_unit has port alu_control[3] driven by constant 0
WARNING: [Synth 8-3917] design control_unit has port alu_control[2] driven by constant 0
WARNING: [Synth 8-3917] design control_unit has port alu_control[1] driven by constant 0
---------------------------------------------------------------------------------
Finished Synthesize : Time (s): cpu = 00:00:07 ; elapsed = 00:00:17 . Memory (MB): peak = 1019.578 ; gain = 546.477
---------------------------------------------------------------------------------
---------------------------------------------------------------------------------
Finished Constraint Validation : Time (s): cpu = 00:00:07 ; elapsed = 00:00:18 . Memory (MB): peak = 1019.578 ; gain = 546.477
---------------------------------------------------------------------------------
---------------------------------------------------------------------------------
Start Loading Part and Timing Information
---------------------------------------------------------------------------------
Loading part: xc7z020clg400-1
---------------------------------------------------------------------------------
Finished Loading Part and Timing Information : Time (s): cpu = 00:00:07 ; elapsed = 00:00:18 . Memory (MB): peak = 1019.578 ; gain = 546.477
---------------------------------------------------------------------------------
INFO: [Device 21-403] Loading part xc7z020clg400-1
---------------------------------------------------------------------------------
Start Preparing Guide Design
---------------------------------------------------------------------------------
CRITICAL WARNING: [Synth 8-6895] The reference checkpoint C:/Users/Dell/Desktop/Processor_AI/project_2/project_2.srcs/utils_1/imports/synth_1/alu.dcp is not suitable for use with incremental synthesis for this design. Please regenerate the checkpoint for this design with -incremental_synth switch in the same Vivado session that synth_design has been run. Synthesis will continue with the default flow
---------------------------------------------------------------------------------
Finished Doing Graph Differ : Time (s): cpu = 00:00:07 ; elapsed = 00:00:18 . Memory (MB): peak = 1019.578 ; gain = 546.477
---------------------------------------------------------------------------------
---------------------------------------------------------------------------------
Finished Preparing Guide Design : Time (s): cpu = 00:00:07 ; elapsed = 00:00:18 . Memory (MB): peak = 1019.578 ; gain = 546.477
---------------------------------------------------------------------------------
---------------------------------------------------------------------------------
Finished RTL Optimization Phase 2 : Time (s): cpu = 00:00:08 ; elapsed = 00:00:18 . Memory (MB): peak = 1019.578 ; gain = 546.477
---------------------------------------------------------------------------------


Incremental Synthesis Report Summary:

1. Incremental synthesis run: no

   Reason for not running incremental synthesis : 


INFO: [Synth 8-7130] Flow is switching to default flow due to incremental criteria not met. If you would like to alter this behaviour and have the flow terminate instead, please set the following parameter config_implementation {autoIncr.Synth.RejectBehavior Terminate}
No constraint files found.
---------------------------------------------------------------------------------
Start RTL Component Statistics 
---------------------------------------------------------------------------------
Detailed RTL Component Info : 
+---Muxes : 
	   4 Input    1 Bit        Muxes := 1     
	   6 Input    1 Bit        Muxes := 6     
---------------------------------------------------------------------------------
Finished RTL Component Statistics 
---------------------------------------------------------------------------------
---------------------------------------------------------------------------------
Start Part Resource Summary
---------------------------------------------------------------------------------
Part Resources:
DSPs: 220 (col length:60)
BRAMs: 280 (col length: RAMB18 60 RAMB36 30)
---------------------------------------------------------------------------------
Finished Part Resource Summary
---------------------------------------------------------------------------------
No constraint files found.
---------------------------------------------------------------------------------
Start Cross Boundary and Area Optimization
---------------------------------------------------------------------------------
WARNING: [Synth 8-7080] Parallel synthesis criteria is not met
WARNING: [Synth 8-3917] design control_unit has port alu_control[3] driven by constant 0
WARNING: [Synth 8-3917] design control_unit has port alu_control[2] driven by constant 0
WARNING: [Synth 8-3917] design control_unit has port alu_control[1] driven by constant 0
---------------------------------------------------------------------------------
Finished Cross Boundary and Area Optimization : Time (s): cpu = 00:00:12 ; elapsed = 00:00:30 . Memory (MB): peak = 1230.508 ; gain = 757.406
---------------------------------------------------------------------------------
No constraint files found.
---------------------------------------------------------------------------------
Start Timing Optimization
---------------------------------------------------------------------------------
---------------------------------------------------------------------------------
Finished Timing Optimization : Time (s): cpu = 00:00:12 ; elapsed = 00:00:30 . Memory (MB): peak = 1231.297 ; gain = 758.195
---------------------------------------------------------------------------------
---------------------------------------------------------------------------------
Start Technology Mapping
---------------------------------------------------------------------------------
---------------------------------------------------------------------------------
Finished Technology Mapping : Time (s): cpu = 00:00:12 ; elapsed = 00:00:30 . Memory (MB): peak = 1231.297 ; gain = 758.195
---------------------------------------------------------------------------------
---------------------------------------------------------------------------------
Start IO Insertion
---------------------------------------------------------------------------------
---------------------------------------------------------------------------------
Start Flattening Before IO Insertion
---------------------------------------------------------------------------------
---------------------------------------------------------------------------------
Finished Flattening Before IO Insertion
---------------------------------------------------------------------------------
---------------------------------------------------------------------------------
Start Final Netlist Cleanup
---------------------------------------------------------------------------------
---------------------------------------------------------------------------------
Finished Final Netlist Cleanup
---------------------------------------------------------------------------------
---------------------------------------------------------------------------------
Finished IO Insertion : Time (s): cpu = 00:00:16 ; elapsed = 00:00:37 . Memory (MB): peak = 1231.344 ; gain = 758.242
---------------------------------------------------------------------------------
---------------------------------------------------------------------------------
Start Renaming Generated Instances
---------------------------------------------------------------------------------
---------------------------------------------------------------------------------
Finished Renaming Generated Instances : Time (s): cpu = 00:00:16 ; elapsed = 00:00:37 . Memory (MB): peak = 1231.344 ; gain = 758.242
---------------------------------------------------------------------------------
---------------------------------------------------------------------------------
Start Rebuilding User Hierarchy
---------------------------------------------------------------------------------
---------------------------------------------------------------------------------
Finished Rebuilding User Hierarchy : Time (s): cpu = 00:00:16 ; elapsed = 00:00:37 . Memory (MB): peak = 1231.344 ; gain = 758.242
---------------------------------------------------------------------------------
---------------------------------------------------------------------------------
Start Renaming Generated Ports
---------------------------------------------------------------------------------
---------------------------------------------------------------------------------
Finished Renaming Generated Ports : Time (s): cpu = 00:00:16 ; elapsed = 00:00:37 . Memory (MB): peak = 1231.344 ; gain = 758.242
---------------------------------------------------------------------------------
---------------------------------------------------------------------------------
Start Handling Custom Attributes
---------------------------------------------------------------------------------
---------------------------------------------------------------------------------
Finished Handling Custom Attributes : Time (s): cpu = 00:00:16 ; elapsed = 00:00:37 . Memory (MB): peak = 1231.344 ; gain = 758.242
---------------------------------------------------------------------------------
---------------------------------------------------------------------------------
Start Renaming Generated Nets
---------------------------------------------------------------------------------
---------------------------------------------------------------------------------
Finished Renaming Generated Nets : Time (s): cpu = 00:00:16 ; elapsed = 00:00:37 . Memory (MB): peak = 1231.344 ; gain = 758.242
---------------------------------------------------------------------------------
---------------------------------------------------------------------------------
Start Writing Synthesis Report
---------------------------------------------------------------------------------

Report BlackBoxes: 
+-+--------------+----------+
| |BlackBox name |Instances |
+-+--------------+----------+
+-+--------------+----------+

Report Cell Usage: 
+------+-----+------+
|      |Cell |Count |
+------+-----+------+
|1     |LUT2 |     1|
|2     |LUT3 |     4|
|3     |LUT4 |     1|
|4     |LUT5 |     1|
|5     |LUT6 |     4|
|6     |IBUF |    17|
|7     |OBUF |    10|
+------+-----+------+

Report Instance Areas: 
+------+---------+-------+------+
|      |Instance |Module |Cells |
+------+---------+-------+------+
|1     |top      |       |    38|
+------+---------+-------+------+
---------------------------------------------------------------------------------
Finished Writing Synthesis Report : Time (s): cpu = 00:00:16 ; elapsed = 00:00:37 . Memory (MB): peak = 1231.344 ; gain = 758.242
---------------------------------------------------------------------------------
Synthesis finished with 0 errors, 1 critical warnings and 7 warnings.
Synthesis Optimization Runtime : Time (s): cpu = 00:00:16 ; elapsed = 00:00:37 . Memory (MB): peak = 1231.344 ; gain = 758.242
Synthesis Optimization Complete : Time (s): cpu = 00:00:16 ; elapsed = 00:00:37 . Memory (MB): peak = 1231.344 ; gain = 758.242
INFO: [Project 1-571] Translating synthesized netlist
Netlist sorting complete. Time (s): cpu = 00:00:00 ; elapsed = 00:00:00.001 . Memory (MB): peak = 1243.391 ; gain = 0.000
INFO: [Project 1-570] Preparing netlist for logic optimization
INFO: [Opt 31-138] Pushed 0 inverter(s) to 0 load pin(s).
Netlist sorting complete. Time (s): cpu = 00:00:00 ; elapsed = 00:00:00 . Memory (MB): peak = 1342.895 ; gain = 0.000
INFO: [Project 1-111] Unisim Transformation Summary:
No Unisim elements were transformed.

The system cannot find the path specified.
Synth Design complete | Checksum: 8977b33d
INFO: [Common 17-83] Releasing license: Synthesis
18 Infos, 7 Warnings, 1 Critical Warnings and 0 Errors encountered.
synth_design completed successfully
synth_design: Time (s): cpu = 00:00:18 ; elapsed = 00:00:40 . Memory (MB): peak = 1342.895 ; gain = 876.539
INFO: [runtcl-6] Synthesis results are not added to the cache due to CRITICAL_WARNING
Write ShapeDB Complete: Time (s): cpu = 00:00:00 ; elapsed = 00:00:00.004 . Memory (MB): peak = 1342.895 ; gain = 0.000
INFO: [Common 17-1381] The checkpoint 'C:/Users/Dell/Desktop/Processor_AI/project_2/project_2.runs/synth_1/control_unit.dcp' has been generated.
INFO: [runtcl-4] Executing : report_utilization -file control_unit_utilization_synth.rpt -pb control_unit_utilization_synth.pb
INFO: [Common 17-206] Exiting Vivado at Fri Dec 27 01:42:38 2024...
